e:\ets\lab3\gpa434lab3startupprojectdemo\x64\debug\qparameters.obj
e:\ets\lab3\gpa434lab3startupprojectdemo\x64\debug\qarrowitem.obj
e:\ets\lab3\gpa434lab3startupprojectdemo\x64\debug\qcolorbox.obj
e:\ets\lab3\gpa434lab3startupprojectdemo\x64\debug\gpa434lab3startupprojectdemo.obj
e:\ets\lab3\gpa434lab3startupprojectdemo\x64\debug\main.obj
e:\ets\lab3\gpa434lab3startupprojectdemo\x64\debug\qcontrolbar.obj
e:\ets\lab3\gpa434lab3startupprojectdemo\x64\debug\vc143.pdb
e:\ets\lab3\gpa434lab3startupprojectdemo\x64\debug\qdynamicentities.obj
e:\ets\lab3\gpa434lab3startupprojectdemo\x64\debug\qstaticentities.obj
e:\ets\lab3\gpa434lab3startupprojectdemo\x64\debug\qentities.obj
e:\ets\lab3\gpa434lab3startupprojectdemo\x64\debug\moc_qparameters.obj
e:\ets\lab3\gpa434lab3startupprojectdemo\x64\debug\qrc_gpa434lab3startupprojectdemo.obj
e:\ets\lab3\gpa434lab3startupprojectdemo\x64\debug\moc_gpa434lab3startupprojectdemo.obj
e:\ets\lab3\gpa434lab3startupprojectdemo\x64\debug\moc_qcontrolbar.obj
e:\ets\lab3\gpa434lab3startupprojectdemo\x64\debug\moc_qcolorbox.obj
e:\ets\gpa434\fichiers pratique\gpa434lab3startupprojectdemo\gpa434lab3startupprojectdemo\x64\debug\uic\ui_gpa434lab3startupprojectdemo.h
e:\ets\gpa434\fichiers pratique\gpa434lab3startupprojectdemo\gpa434lab3startupprojectdemo\x64\debug\rcc\qrc_gpa434lab3startupprojectdemo.cpp
e:\ets\gpa434\fichiers pratique\gpa434lab3startupprojectdemo\gpa434lab3startupprojectdemo\x64\debug\moc\moc_gpa434lab3startupprojectdemo.cpp
e:\ets\gpa434\fichiers pratique\gpa434lab3startupprojectdemo\gpa434lab3startupprojectdemo\x64\debug\moc\moc_qparameters.cpp
e:\ets\gpa434\fichiers pratique\gpa434lab3startupprojectdemo\gpa434lab3startupprojectdemo\x64\debug\moc\moc_qcontrolbar.cpp
e:\ets\gpa434\fichiers pratique\gpa434lab3startupprojectdemo\gpa434lab3startupprojectdemo\x64\debug\moc\moc_qcolorbox.cpp
e:\ets\lab3\gpa434lab3startupprojectdemo\x64\debug\uic\ui_gpa434lab3startupprojectdemo.h
e:\ets\lab3\gpa434lab3startupprojectdemo\x64\debug\rcc\qrc_gpa434lab3startupprojectdemo.cpp
e:\ets\lab3\gpa434lab3startupprojectdemo\x64\debug\moc\moc_gpa434lab3startupprojectdemo.cpp
e:\ets\lab3\gpa434lab3startupprojectdemo\x64\debug\moc\moc_qparameters.cpp
e:\ets\lab3\gpa434lab3startupprojectdemo\x64\debug\moc\moc_qcontrolbar.cpp
e:\ets\lab3\gpa434lab3startupprojectdemo\x64\debug\moc\moc_qcolorbox.cpp
e:\ets\lab3\x64\debug\gpa434lab3startupprojectdemo.exe
e:\ets\lab3\x64\debug\gpa434lab3startupprojectdemo.ilk
e:\ets\lab3\x64\debug\gpa434lab3startupprojectdemo.pdb
e:\ets\lab3\gpa434lab3startupprojectdemo\x64\debug\gpa434la.f3c194da.tlog\cl.10856.write.1.tlog
e:\ets\lab3\gpa434lab3startupprojectdemo\x64\debug\gpa434la.f3c194da.tlog\cl.command.1.tlog
e:\ets\lab3\gpa434lab3startupprojectdemo\x64\debug\gpa434la.f3c194da.tlog\cl.items.tlog
e:\ets\lab3\gpa434lab3startupprojectdemo\x64\debug\gpa434la.f3c194da.tlog\cl.read.1.tlog
e:\ets\lab3\gpa434lab3startupprojectdemo\x64\debug\gpa434la.f3c194da.tlog\gpa434lab3startupprojectdemo.write.1u.tlog
e:\ets\lab3\gpa434lab3startupprojectdemo\x64\debug\gpa434la.f3c194da.tlog\link.command.1.tlog
e:\ets\lab3\gpa434lab3startupprojectdemo\x64\debug\gpa434la.f3c194da.tlog\link.read.1.tlog
e:\ets\lab3\gpa434lab3startupprojectdemo\x64\debug\gpa434la.f3c194da.tlog\link.write.1.tlog
e:\ets\lab3\gpa434lab3startupprojectdemo\x64\debug\gpa434la.f3c194da.tlog\moc.read.1u.tlog
e:\ets\lab3\gpa434lab3startupprojectdemo\x64\debug\gpa434la.f3c194da.tlog\moc.write.1u.tlog
e:\ets\lab3\gpa434lab3startupprojectdemo\x64\debug\gpa434la.f3c194da.tlog\rcc.read.1u.tlog
e:\ets\lab3\gpa434lab3startupprojectdemo\x64\debug\gpa434la.f3c194da.tlog\rcc.write.1u.tlog
e:\ets\lab3\gpa434lab3startupprojectdemo\x64\debug\gpa434la.f3c194da.tlog\uic.read.1u.tlog
e:\ets\lab3\gpa434lab3startupprojectdemo\x64\debug\gpa434la.f3c194da.tlog\uic.write.1u.tlog
